[01m[K/home/paul/create3_ws/src/create3_sim/svg_drive_goals/src/svg_path_converter.cpp:[m[K In function â€˜[01m[Kvoid convertSVGPathToDriveGoals(std::string, double, double)[m[Kâ€™:
[01m[K/home/paul/create3_ws/src/create3_sim/svg_drive_goals/src/svg_path_converter.cpp:95:21:[m[K [01;31m[Kerror: [m[Kâ€˜[01m[Kcase_c[m[Kâ€™ was not declared in this scope
   95 |                     [01;31m[Kcase_c[m[K(std::stod(params[0]), std::stod(params[1]),std::stod(params[2]),std::stod(params[3]),std::stod(params[4]),std::stod(params[5]), currentX, currentY, currentTheta, maxTranslationSpeed);
      |                     [01;31m[K^~~~~~[m[K
make[2]: *** [CMakeFiles/svg_drive_goals.dir/build.make:63: CMakeFiles/svg_drive_goals.dir/src/svg_path_converter.cpp.o] Error 1
make[1]: *** [CMakeFiles/Makefile2:78: CMakeFiles/svg_drive_goals.dir/all] Error 2
make: *** [Makefile:141: all] Error 2
