[ 10%] Built target hazards_vector_publisher
[ 10%] Built target kidnap_estimator_publisher
[ 16%] Built target motion_control
[ 21%] Built target ui_mgr
[ 32%] Built target mock_publisher
[ 32%] Built target robot_state
[ 48%] Built target kidnap_estimator_publisher_lib
[ 48%] Built target ir_intensity_publisher_lib
[ 48%] Built target hazard_publisher_lib
[ 54%] Built target mock_publisher_lib
[ 59%] Built target wheel_status_publisher_lib
[ 64%] Built target robot_state_lib
[ 70%] Built target wheel_status_publisher
[ 75%] Built target ir_intensity_vector_publisher
[ 81%] Built target ui_mgr_lib
[35m[1mScanning dependencies of target motion_control_lib[0m
[ 83%] [32mBuilding CXX object CMakeFiles/motion_control_lib.dir/src/motion_control_node.cpp.o[0m
[01m[K/home/paul/create3_ws/src/create3_sim/irobot_create_common/irobot_create_nodes/src/motion_control_node.cpp:[m[K In member function â€˜[01m[Kvoid irobot_create_nodes::MotionControlNode::control_robot()[m[Kâ€™:
[01m[K/home/paul/create3_ws/src/create3_sim/irobot_create_common/irobot_create_nodes/src/motion_control_node.cpp:234:3:[m[K [01;31m[Kerror: [m[Kâ€˜[01m[KROS_INFO[m[Kâ€™ was not declared in this scope
  234 |   [01;31m[KROS_INFO[m[K("Hello World");
      |   [01;31m[K^~~~~~~~[m[K
make[2]: *** [CMakeFiles/motion_control_lib.dir/build.make:63: CMakeFiles/motion_control_lib.dir/src/motion_control_node.cpp.o] Error 1
make[1]: *** [CMakeFiles/Makefile2:459: CMakeFiles/motion_control_lib.dir/all] Error 2
make: *** [Makefile:141: all] Error 2
